<?xml version="1.0" encoding="UTF-8"?>
<testng-results skipped="0" failed="1" ignored="0" total="2" passed="1">
  <reporter-output>
  </reporter-output>
  <suite name="Default suite" duration-ms="56632" started-at="2020-08-18T18:44:39 IST" finished-at="2020-08-18T18:45:36 IST">
    <groups>
    </groups>
    <test name="Default test" duration-ms="56632" started-at="2020-08-18T18:44:39 IST" finished-at="2020-08-18T18:45:36 IST">
      <class name="com.selenium.Mysel.java_selenium.ecommerceTest">
        <test-method status="PASS" signature="suiteSetup()[pri:0, instance:com.selenium.Mysel.java_selenium.ecommerceTest@3fd7a715]" name="suiteSetup" is-config="true" duration-ms="3718" started-at="2020-08-18T18:44:36 IST" finished-at="2020-08-18T18:44:39 IST">
          <reporter-output>
          </reporter-output>
        </test-method> <!-- suiteSetup -->
        <test-method status="PASS" signature="beforeTest()[pri:0, instance:com.selenium.Mysel.java_selenium.ecommerceTest@3fd7a715]" name="beforeTest" is-config="true" duration-ms="19071" started-at="2020-08-18T18:44:40 IST" finished-at="2020-08-18T18:44:59 IST">
          <reporter-output>
          </reporter-output>
        </test-method> <!-- beforeTest -->
        <test-method status="PASS" signature="RegandLogin(java.lang.String, java.lang.String, java.lang.String, java.lang.String, java.lang.String, java.lang.String, java.lang.String, java.lang.String, java.lang.String, java.lang.String, java.lang.String, java.lang.String, java.lang.String)[pri:0, instance:com.selenium.Mysel.java_selenium.ecommerceTest@3fd7a715]" name="RegandLogin" duration-ms="25628" started-at="2020-08-18T18:44:59 IST" data-provider="RegistrationData" finished-at="2020-08-18T18:45:25 IST">
          <params>
            <param index="0">
              <value>
                <![CDATA[Mr]]>
              </value>
            </param>
            <param index="1">
              <value>
                <![CDATA[Souvik]]>
              </value>
            </param>
            <param index="2">
              <value>
                <![CDATA[Misra]]>
              </value>
            </param>
            <param index="3">
              <value>
                <![CDATA[123456]]>
              </value>
            </param>
            <param index="4">
              <value>
                <![CDATA[12]]>
              </value>
            </param>
            <param index="5">
              <value>
                <![CDATA[September]]>
              </value>
            </param>
            <param index="6">
              <value>
                <![CDATA[1991]]>
              </value>
            </param>
            <param index="7">
              <value>
                <![CDATA[Colorado]]>
              </value>
            </param>
            <param index="8">
              <value>
                <![CDATA[Bakersfield]]>
              </value>
            </param>
            <param index="9">
              <value>
                <![CDATA[California]]>
              </value>
            </param>
            <param index="10">
              <value>
                <![CDATA[90013]]>
              </value>
            </param>
            <param index="11">
              <value>
                <![CDATA[United States]]>
              </value>
            </param>
            <param index="12">
              <value>
                <![CDATA[4682992728]]>
              </value>
            </param>
          </params>
          <reporter-output>
          </reporter-output>
        </test-method> <!-- RegandLogin -->
        <test-method status="PASS" signature="afterTest()[pri:0, instance:com.selenium.Mysel.java_selenium.ecommerceTest@3fd7a715]" name="afterTest" is-config="true" duration-ms="0" started-at="2020-08-18T18:45:25 IST" finished-at="2020-08-18T18:45:25 IST">
          <reporter-output>
          </reporter-output>
        </test-method> <!-- afterTest -->
        <test-method status="PASS" signature="beforeTest()[pri:0, instance:com.selenium.Mysel.java_selenium.ecommerceTest@3fd7a715]" name="beforeTest" is-config="true" duration-ms="1299" started-at="2020-08-18T18:45:25 IST" finished-at="2020-08-18T18:45:26 IST">
          <reporter-output>
          </reporter-output>
        </test-method> <!-- beforeTest -->
        <test-method status="FAIL" signature="shopping(java.lang.String, java.lang.String, java.lang.String, java.lang.String, java.lang.String, java.lang.String, java.lang.String, java.lang.String, java.lang.String, java.lang.String, java.lang.String, java.lang.String, java.lang.String, java.lang.String, java.lang.String)[pri:0, instance:com.selenium.Mysel.java_selenium.ecommerceTest@3fd7a715]" name="shopping" duration-ms="10065" started-at="2020-08-18T18:45:26 IST" data-provider="ShoppingData" finished-at="2020-08-18T18:45:36 IST">
          <params>
            <param index="0">
              <value>
                <![CDATA[1]]>
              </value>
            </param>
            <param index="1">
              <value>
                <![CDATA[Printed Chiffon Dress]]>
              </value>
            </param>
            <param index="2">
              <value>
                <![CDATA[Green]]>
              </value>
            </param>
            <param index="3">
              <value>
                <![CDATA[M]]>
              </value>
            </param>
            <param index="4">
              <value is-null="true"/>
            </param>
            <param index="5">
              <value>
                <![CDATA[2]]>
              </value>
            </param>
            <param index="6">
              <value>
                <![CDATA[Faded Short Sleeve T-shirts]]>
              </value>
            </param>
            <param index="7">
              <value>
                <![CDATA[Blue]]>
              </value>
            </param>
            <param index="8">
              <value>
                <![CDATA[L]]>
              </value>
            </param>
            <param index="9">
              <value is-null="true"/>
            </param>
            <param index="10">
              <value>
                <![CDATA[3]]>
              </value>
            </param>
            <param index="11">
              <value>
                <![CDATA[Blouse]]>
              </value>
            </param>
            <param index="12">
              <value>
                <![CDATA[White]]>
              </value>
            </param>
            <param index="13">
              <value>
                <![CDATA[S]]>
              </value>
            </param>
            <param index="14">
              <value is-null="true"/>
            </param>
          </params>
          <exception class="org.openqa.selenium.NoSuchElementException">
            <message>
              <![CDATA[no such element: Unable to locate element: {"method":"css selector","selector":"#search_query_top"}
  (Session info: chrome=84.0.4147.125)
For documentation on this error, please visit: https://www.seleniumhq.org/exceptions/no_such_element.html
Build info: version: '3.141.59', revision: 'e82be7d358', time: '2018-11-14T08:17:03'
System info: host: 'DESKTOP-Q232USO', ip: '192.168.0.171', os.name: 'Windows 10', os.arch: 'amd64', os.version: '10.0', java.version: '1.8.0_251'
Driver info: org.openqa.selenium.chrome.ChromeDriver
Capabilities {acceptInsecureCerts: false, browserName: chrome, browserVersion: 84.0.4147.125, chrome: {chromedriverVersion: 83.0.4103.39 (ccbf011cb2d2b..., userDataDir: C:\Users\misra\AppData\Loca...}, goog:chromeOptions: {debuggerAddress: localhost:55205}, javascriptEnabled: true, networkConnectionEnabled: false, pageLoadStrategy: normal, platform: WINDOWS, platformName: WINDOWS, proxy: Proxy(), setWindowRect: true, strictFileInteractability: false, timeouts: {implicit: 0, pageLoad: 300000, script: 30000}, unhandledPromptBehavior: dismiss and notify, webauthn:virtualAuthenticators: true}
Session ID: e9bf2054b98a32d328684fb2a0bcf0cd
*** Element info: {Using=id, value=search_query_top}]]>
            </message>
            <full-stacktrace>
              <![CDATA[org.openqa.selenium.NoSuchElementException: no such element: Unable to locate element: {"method":"css selector","selector":"#search_query_top"}
  (Session info: chrome=84.0.4147.125)
For documentation on this error, please visit: https://www.seleniumhq.org/exceptions/no_such_element.html
Build info: version: '3.141.59', revision: 'e82be7d358', time: '2018-11-14T08:17:03'
System info: host: 'DESKTOP-Q232USO', ip: '192.168.0.171', os.name: 'Windows 10', os.arch: 'amd64', os.version: '10.0', java.version: '1.8.0_251'
Driver info: org.openqa.selenium.chrome.ChromeDriver
Capabilities {acceptInsecureCerts: false, browserName: chrome, browserVersion: 84.0.4147.125, chrome: {chromedriverVersion: 83.0.4103.39 (ccbf011cb2d2b..., userDataDir: C:\Users\misra\AppData\Loca...}, goog:chromeOptions: {debuggerAddress: localhost:55205}, javascriptEnabled: true, networkConnectionEnabled: false, pageLoadStrategy: normal, platform: WINDOWS, platformName: WINDOWS, proxy: Proxy(), setWindowRect: true, strictFileInteractability: false, timeouts: {implicit: 0, pageLoad: 300000, script: 30000}, unhandledPromptBehavior: dismiss and notify, webauthn:virtualAuthenticators: true}
Session ID: e9bf2054b98a32d328684fb2a0bcf0cd
*** Element info: {Using=id, value=search_query_top}
at sun.reflect.NativeConstructorAccessorImpl.newInstance0(Native Method)
at sun.reflect.NativeConstructorAccessorImpl.newInstance(Unknown Source)
at sun.reflect.DelegatingConstructorAccessorImpl.newInstance(Unknown Source)
at java.lang.reflect.Constructor.newInstance(Unknown Source)
at org.openqa.selenium.remote.http.W3CHttpResponseCodec.createException(W3CHttpResponseCodec.java:187)
at org.openqa.selenium.remote.http.W3CHttpResponseCodec.decode(W3CHttpResponseCodec.java:122)
at org.openqa.selenium.remote.http.W3CHttpResponseCodec.decode(W3CHttpResponseCodec.java:49)
at org.openqa.selenium.remote.HttpCommandExecutor.execute(HttpCommandExecutor.java:158)
at org.openqa.selenium.remote.service.DriverCommandExecutor.execute(DriverCommandExecutor.java:83)
at org.openqa.selenium.remote.RemoteWebDriver.execute(RemoteWebDriver.java:552)
at org.openqa.selenium.remote.RemoteWebDriver.findElement(RemoteWebDriver.java:323)
at org.openqa.selenium.remote.RemoteWebDriver.findElementById(RemoteWebDriver.java:372)
at org.openqa.selenium.By$ById.findElement(By.java:188)
at org.openqa.selenium.remote.RemoteWebDriver.findElement(RemoteWebDriver.java:315)
at com.selenium.Mysel.java_selenium.ecommerceTest.shopping(ecommerceTest.java:142)
at sun.reflect.NativeMethodAccessorImpl.invoke0(Native Method)
at sun.reflect.NativeMethodAccessorImpl.invoke(Unknown Source)
at sun.reflect.DelegatingMethodAccessorImpl.invoke(Unknown Source)
at java.lang.reflect.Method.invoke(Unknown Source)
at org.testng.internal.MethodInvocationHelper.invokeMethod(MethodInvocationHelper.java:135)
at org.testng.internal.TestInvoker.invokeMethod(TestInvoker.java:598)
at org.testng.internal.TestInvoker.invokeTestMethod(TestInvoker.java:174)
at org.testng.internal.MethodRunner.runInSequence(MethodRunner.java:46)
at org.testng.internal.TestInvoker$MethodInvocationAgent.invoke(TestInvoker.java:821)
at org.testng.internal.TestInvoker.invokeTestMethods(TestInvoker.java:147)
at org.testng.internal.TestMethodWorker.invokeTestMethods(TestMethodWorker.java:146)
at org.testng.internal.TestMethodWorker.run(TestMethodWorker.java:128)
at java.util.ArrayList.forEach(Unknown Source)
at org.testng.TestRunner.privateRun(TestRunner.java:767)
at org.testng.TestRunner.run(TestRunner.java:588)
at org.testng.SuiteRunner.runTest(SuiteRunner.java:384)
at org.testng.SuiteRunner.runSequentially(SuiteRunner.java:378)
at org.testng.SuiteRunner.privateRun(SuiteRunner.java:337)
at org.testng.SuiteRunner.run(SuiteRunner.java:286)
at org.testng.SuiteRunnerWorker.runSuite(SuiteRunnerWorker.java:53)
at org.testng.SuiteRunnerWorker.run(SuiteRunnerWorker.java:96)
at org.testng.TestNG.runSuitesSequentially(TestNG.java:1214)
at org.testng.TestNG.runSuitesLocally(TestNG.java:1136)
at org.testng.TestNG.runSuites(TestNG.java:1066)
at org.testng.TestNG.run(TestNG.java:1034)
at org.testng.remote.AbstractRemoteTestNG.run(AbstractRemoteTestNG.java:115)
at org.testng.remote.RemoteTestNG.initAndRun(RemoteTestNG.java:251)
at org.testng.remote.RemoteTestNG.main(RemoteTestNG.java:77)
]]>
            </full-stacktrace>
          </exception> <!-- org.openqa.selenium.NoSuchElementException -->
          <reporter-output>
          </reporter-output>
        </test-method> <!-- shopping -->
        <test-method status="PASS" signature="afterTest()[pri:0, instance:com.selenium.Mysel.java_selenium.ecommerceTest@3fd7a715]" name="afterTest" is-config="true" duration-ms="0" started-at="2020-08-18T18:45:36 IST" finished-at="2020-08-18T18:45:36 IST">
          <reporter-output>
          </reporter-output>
        </test-method> <!-- afterTest -->
        <test-method status="PASS" signature="suiteTeardown()[pri:0, instance:com.selenium.Mysel.java_selenium.ecommerceTest@3fd7a715]" name="suiteTeardown" is-config="true" duration-ms="0" started-at="2020-08-18T18:45:36 IST" finished-at="2020-08-18T18:45:36 IST">
          <reporter-output>
          </reporter-output>
        </test-method> <!-- suiteTeardown -->
      </class> <!-- com.selenium.Mysel.java_selenium.ecommerceTest -->
    </test> <!-- Default test -->
  </suite> <!-- Default suite -->
</testng-results>
